[debug] [2018-06-12T14:37:35.466Z] ----------------------------------------------------------------------
[debug] [2018-06-12T14:37:35.468Z] Command:       C:\Program Files\nodejs\node.exe C:\Users\HOME\AppData\Roaming\npm\node_modules\firebase-tools\bin\firebase init
[debug] [2018-06-12T14:37:35.468Z] CLI Version:   3.18.6
[debug] [2018-06-12T14:37:35.468Z] Platform:      win32
[debug] [2018-06-12T14:37:35.468Z] Node Version:  v10.4.0
[debug] [2018-06-12T14:37:35.470Z] Time:          Tue Jun 12 2018 20:07:35 GMT+0530 (India Standard Time)
[debug] [2018-06-12T14:37:35.470Z] ----------------------------------------------------------------------
[debug] 
[debug] [2018-06-12T14:37:35.480Z] > command requires scopes: ["email","openid","https://www.googleapis.com/auth/cloudplatformprojects.readonly","https://www.googleapis.com/auth/firebase"]
[debug] [2018-06-12T14:37:35.481Z] > authorizing via signed-in user
[info] 
     ######## #### ########  ######## ########     ###     ######  ########
     ##        ##  ##     ## ##       ##     ##  ##   ##  ##       ##
     ######    ##  ########  ######   ########  #########  ######  ######
     ##        ##  ##    ##  ##       ##     ## ##     ##       ## ##
     ##       #### ##     ## ######## ########  ##     ##  ######  ########

You're about to initialize a Firebase project in this directory:

  F:\Web Dev\public

Before we get started, keep in mind:

  * You are initializing in an existing Firebase project directory

[info] 
=== Project Setup
[info] 
[info] First, let's associate this project directory with a Firebase project.
[info] You can create multiple project aliases by running firebase use --add, 
[info] but for now we'll just set up a default project.
[info] 
[debug] [2018-06-12T14:37:42.290Z] > refreshing access token with scopes: ["email","https://www.googleapis.com/auth/cloudplatformprojects.readonly","https://www.googleapis.com/auth/firebase","openid"]
[debug] [2018-06-12T14:37:42.291Z] >>> HTTP REQUEST POST https://www.googleapis.com/oauth2/v3/token  
 { refresh_token: '1/G-hV9S_08JifR9_CNZGrX__ZUsGvqrz_EW3529Kawec',
  client_id:
   '563584335869-fgrhgmd47bqnekij5i8b5pr03ho849e6.apps.googleusercontent.com',
  client_secret: 'j9iVZfS8kkCEFUPaAeJV0sAi',
  grant_type: 'refresh_token',
  scope:
   'email https://www.googleapis.com/auth/cloudplatformprojects.readonly https://www.googleapis.com/auth/firebase openid' } 
 Tue Jun 12 2018 20:07:42 GMT+0530 (India Standard Time)
[debug] [2018-06-12T14:37:42.632Z] <<< HTTP RESPONSE 200
[debug] [2018-06-12T14:37:42.736Z] >>> HTTP REQUEST GET https://admin.firebase.com/v1/projects  
  
 Tue Jun 12 2018 20:07:42 GMT+0530 (India Standard Time)
[debug] [2018-06-12T14:37:44.300Z] <<< HTTP RESPONSE 200
[info] 
=== Hosting Setup
[info] 
[info] Your public directory is the folder (relative to your project directory) that
[info] will contain Hosting assets to be uploaded with firebase deploy. If you
[info] have a build process for your assets, use your build's output directory.
[info] 
